0 info it worked if it ends with ok
1 verbose cli [ 'C:\\Program Files\\nodejs\\\\node.exe',
1 verbose cli   'C:\\Program Files\\nodejs\\node_modules\\npm\\bin\\npm-cli.js',
1 verbose cli   'install' ]
2 info using npm@1.4.23
3 info using node@v0.10.31
4 verbose node symlink C:\Program Files\nodejs\\node.exe
5 warn package.json ionic2-roles@0.1.0 No repository field.
6 warn package.json ionic2-roles@0.1.0 No README data
7 verbose readDependencies using package.json deps
8 verbose install where, deps [ 'C:\\Users\\u0023893\\careline-server',
8 verbose install   [ 'bcrypt-nodejs',
8 verbose install     'body-parser',
8 verbose install     'cors',
8 verbose install     'del',
8 verbose install     'express',
8 verbose install     'fs',
8 verbose install     'jsonwebtoken',
8 verbose install     'mongoose',
8 verbose install     'morgan',
8 verbose install     'passport',
8 verbose install     'passport-jwt',
8 verbose install     'passport-local',
8 verbose install     'path',
8 verbose install     'gridfs-stream',
8 verbose install     'multer',
8 verbose install     'multer-gridfs-storage',
8 verbose install     '@types/express',
8 verbose install     '@types/multer' ] ]
9 info preinstall ionic2-roles@0.1.0
10 warn package.json fs@0.0.1-security fs is also the name of a node core module.
11 warn package.json path@0.12.7 path is also the name of a node core module.
12 warn package.json pause@0.0.1 No repository field.
13 warn package.json string_decoder@1.0.3 string_decoder is also the name of a node core module.
14 warn package.json util@0.10.3 util is also the name of a node core module.
15 verbose readDependencies using package.json deps
16 verbose already installed skipping bcrypt-nodejs@0.0.3 C:\Users\u0023893\careline-server
17 verbose already installed skipping body-parser@^1.15.2 C:\Users\u0023893\careline-server
18 verbose already installed skipping cors@^2.8.1 C:\Users\u0023893\careline-server
19 verbose already installed skipping del@^3.0.0 C:\Users\u0023893\careline-server
20 verbose already installed skipping express@^4.14.0 C:\Users\u0023893\careline-server
21 verbose already installed skipping fs@0.0.1-security C:\Users\u0023893\careline-server
22 verbose already installed skipping jsonwebtoken@^7.1.9 C:\Users\u0023893\careline-server
23 verbose already installed skipping mongoose@^4.6.3 C:\Users\u0023893\careline-server
24 verbose already installed skipping morgan@^1.7.0 C:\Users\u0023893\careline-server
25 verbose already installed skipping passport@^0.3.2 C:\Users\u0023893\careline-server
26 verbose already installed skipping passport-jwt@^2.1.0 C:\Users\u0023893\careline-server
27 verbose already installed skipping passport-local@^1.0.0 C:\Users\u0023893\careline-server
28 verbose already installed skipping path@^0.12.7 C:\Users\u0023893\careline-server
29 verbose already installed skipping gridfs-stream@1.1.1 C:\Users\u0023893\careline-server
30 verbose already installed skipping multer@1.3.0 C:\Users\u0023893\careline-server
31 verbose cache add [ 'multer-gridfs-storage@1.0.0', null ]
32 verbose cache add name=undefined spec="multer-gridfs-storage@1.0.0" args=["multer-gridfs-storage@1.0.0",null]
33 verbose parsed url { protocol: null,
33 verbose parsed url   slashes: null,
33 verbose parsed url   auth: null,
33 verbose parsed url   host: null,
33 verbose parsed url   port: null,
33 verbose parsed url   hostname: null,
33 verbose parsed url   hash: null,
33 verbose parsed url   search: null,
33 verbose parsed url   query: null,
33 verbose parsed url   pathname: 'multer-gridfs-storage@1.0.0',
33 verbose parsed url   path: 'multer-gridfs-storage@1.0.0',
33 verbose parsed url   href: 'multer-gridfs-storage@1.0.0' }
34 verbose cache add [ '@types/express@^4.0.37', null ]
35 verbose cache add name=undefined spec="@types/express@^4.0.37" args=["@types/express@^4.0.37",null]
36 verbose parsed url { protocol: null,
36 verbose parsed url   slashes: null,
36 verbose parsed url   auth: null,
36 verbose parsed url   host: null,
36 verbose parsed url   port: null,
36 verbose parsed url   hostname: null,
36 verbose parsed url   hash: null,
36 verbose parsed url   search: null,
36 verbose parsed url   query: null,
36 verbose parsed url   pathname: '@types/express@^4.0.37',
36 verbose parsed url   path: '@types/express@^4.0.37',
36 verbose parsed url   href: '@types/express@^4.0.37' }
37 verbose cache add [ '@types/multer@^1.3.3', null ]
38 verbose cache add name=undefined spec="@types/multer@^1.3.3" args=["@types/multer@^1.3.3",null]
39 verbose parsed url { protocol: null,
39 verbose parsed url   slashes: null,
39 verbose parsed url   auth: null,
39 verbose parsed url   host: null,
39 verbose parsed url   port: null,
39 verbose parsed url   hostname: null,
39 verbose parsed url   hash: null,
39 verbose parsed url   search: null,
39 verbose parsed url   query: null,
39 verbose parsed url   pathname: '@types/multer@^1.3.3',
39 verbose parsed url   path: '@types/multer@^1.3.3',
39 verbose parsed url   href: '@types/multer@^1.3.3' }
40 verbose cache add name="multer-gridfs-storage" spec="1.0.0" args=["multer-gridfs-storage","1.0.0"]
41 verbose parsed url { protocol: null,
41 verbose parsed url   slashes: null,
41 verbose parsed url   auth: null,
41 verbose parsed url   host: null,
41 verbose parsed url   port: null,
41 verbose parsed url   hostname: null,
41 verbose parsed url   hash: null,
41 verbose parsed url   search: null,
41 verbose parsed url   query: null,
41 verbose parsed url   pathname: '1.0.0',
41 verbose parsed url   path: '1.0.0',
41 verbose parsed url   href: '1.0.0' }
42 verbose addNamed [ 'multer-gridfs-storage', '1.0.0' ]
43 verbose addNamed [ '1.0.0', '1.0.0' ]
44 verbose cache add name="" spec="types/express@^4.0.37" args=["","types/express@^4.0.37"]
45 verbose parsed url { protocol: null,
45 verbose parsed url   slashes: null,
45 verbose parsed url   auth: null,
45 verbose parsed url   host: null,
45 verbose parsed url   port: null,
45 verbose parsed url   hostname: null,
45 verbose parsed url   hash: null,
45 verbose parsed url   search: null,
45 verbose parsed url   query: null,
45 verbose parsed url   pathname: 'types/express@^4.0.37',
45 verbose parsed url   path: 'types/express@^4.0.37',
45 verbose parsed url   href: 'types/express@^4.0.37' }
46 verbose cache add name="" spec="types/multer@^1.3.3" args=["","types/multer@^1.3.3"]
47 verbose parsed url { protocol: null,
47 verbose parsed url   slashes: null,
47 verbose parsed url   auth: null,
47 verbose parsed url   host: null,
47 verbose parsed url   port: null,
47 verbose parsed url   hostname: null,
47 verbose parsed url   hash: null,
47 verbose parsed url   search: null,
47 verbose parsed url   query: null,
47 verbose parsed url   pathname: 'types/multer@^1.3.3',
47 verbose parsed url   path: 'types/multer@^1.3.3',
47 verbose parsed url   href: 'types/multer@^1.3.3' }
48 verbose cache add name="types/express" spec="^4.0.37" args=["types/express","^4.0.37"]
49 verbose parsed url { protocol: null,
49 verbose parsed url   slashes: null,
49 verbose parsed url   auth: null,
49 verbose parsed url   host: null,
49 verbose parsed url   port: null,
49 verbose parsed url   hostname: null,
49 verbose parsed url   hash: null,
49 verbose parsed url   search: null,
49 verbose parsed url   query: null,
49 verbose parsed url   pathname: '^4.0.37',
49 verbose parsed url   path: '^4.0.37',
49 verbose parsed url   href: '^4.0.37' }
50 verbose addNamed [ 'types/express', '^4.0.37' ]
51 verbose addNamed [ null, '>=4.0.37-0 <5.0.0-0' ]
52 verbose cache add name="types/multer" spec="^1.3.3" args=["types/multer","^1.3.3"]
53 verbose parsed url { protocol: null,
53 verbose parsed url   slashes: null,
53 verbose parsed url   auth: null,
53 verbose parsed url   host: null,
53 verbose parsed url   port: null,
53 verbose parsed url   hostname: null,
53 verbose parsed url   hash: null,
53 verbose parsed url   search: null,
53 verbose parsed url   query: null,
53 verbose parsed url   pathname: '^1.3.3',
53 verbose parsed url   path: '^1.3.3',
53 verbose parsed url   href: '^1.3.3' }
54 verbose addNamed [ 'types/multer', '^1.3.3' ]
55 verbose addNamed [ null, '>=1.3.3-0 <2.0.0-0' ]
56 silly lockFile a3d60416-multer-gridfs-storage-1-0-0 multer-gridfs-storage@1.0.0
57 verbose lock multer-gridfs-storage@1.0.0 C:\Users\u0023893\AppData\Roaming\npm-cache\a3d60416-multer-gridfs-storage-1-0-0.lock
58 silly lockFile c90f1e02-types-express-4-0-37 types/express@^4.0.37
59 verbose lock types/express@^4.0.37 C:\Users\u0023893\AppData\Roaming\npm-cache\c90f1e02-types-express-4-0-37.lock
60 silly lockFile a6dc770d-types-multer-1-3-3 types/multer@^1.3.3
61 verbose lock types/multer@^1.3.3 C:\Users\u0023893\AppData\Roaming\npm-cache\a6dc770d-types-multer-1-3-3.lock
62 silly addNameRange { name: 'types/multer',
62 silly addNameRange   range: '>=1.3.3-0 <2.0.0-0',
62 silly addNameRange   hasData: false }
63 silly addNameRange { name: 'types/express',
63 silly addNameRange   range: '>=4.0.37-0 <5.0.0-0',
63 silly addNameRange   hasData: false }
64 verbose request where is /types/multer
65 verbose request registry https://registry.npmjs.org/
66 verbose request id 8b8ab4e4c4caaf21
67 verbose url raw /types/multer
68 verbose url resolving [ 'https://registry.npmjs.org/', './types/multer' ]
69 verbose url resolved https://registry.npmjs.org/types/multer
70 verbose request where is https://registry.npmjs.org/types/multer
71 info trying registry request attempt 1 at 13:26:40
72 http GET https://registry.npmjs.org/types/multer
73 verbose request where is /multer-gridfs-storage
74 verbose request registry https://registry.npmjs.org/
75 verbose url raw /multer-gridfs-storage
76 verbose url resolving [ 'https://registry.npmjs.org/', './multer-gridfs-storage' ]
77 verbose url resolved https://registry.npmjs.org/multer-gridfs-storage
78 verbose request where is https://registry.npmjs.org/multer-gridfs-storage
79 info trying registry request attempt 1 at 13:26:40
80 http GET https://registry.npmjs.org/multer-gridfs-storage
81 verbose request where is /types/express
82 verbose request registry https://registry.npmjs.org/
83 verbose url raw /types/express
84 verbose url resolving [ 'https://registry.npmjs.org/', './types/express' ]
85 verbose url resolved https://registry.npmjs.org/types/express
86 verbose request where is https://registry.npmjs.org/types/express
87 info trying registry request attempt 1 at 13:26:40
88 http GET https://registry.npmjs.org/types/express
89 http 200 https://registry.npmjs.org/multer-gridfs-storage
90 silly registry.get cb [ 200,
90 silly registry.get   { date: 'Mon, 05 Nov 2018 18:20:03 GMT',
90 silly registry.get     'content-type': 'application/json',
90 silly registry.get     'transfer-encoding': 'chunked',
90 silly registry.get     connection: 'keep-alive',
90 silly registry.get     'set-cookie': [ '__cfduid=da16d52e3ecd5413bdc934ede19901b121541442003; expires=Tue, 05-Nov-19 18:20:03 GMT; path=/; domain=.registry.npmjs.org; HttpOnly' ],
90 silly registry.get     'cf-cache-status': 'HIT',
90 silly registry.get     'cache-control': 'max-age=300',
90 silly registry.get     'cf-ray': '4751550a4e16927e-EWR',
90 silly registry.get     etag: 'W/"75a3478b69f9620f196aaf78e595fd6d"',
90 silly registry.get     'expect-ct': 'max-age=604800, report-uri="https://report-uri.cloudflare.com/cdn-cgi/beacon/expect-ct"',
90 silly registry.get     'last-modified': 'Tue, 25 Sep 2018 00:29:06 GMT',
90 silly registry.get     vary: 'accept-encoding, accept',
90 silly registry.get     'x-amz-meta-rev': '22-afeece4e2cc331b845c213a196bd1acc',
90 silly registry.get     server: 'cloudflare',
90 silly registry.get     'content-encoding': 'gzip' } ]
91 silly lockFile ff3fd1fb--multer-gridfs-storage-1-0-0-tgz https://registry.npmjs.org/multer-gridfs-storage/-/multer-gridfs-storage-1.0.0.tgz
92 verbose lock https://registry.npmjs.org/multer-gridfs-storage/-/multer-gridfs-storage-1.0.0.tgz C:\Users\u0023893\AppData\Roaming\npm-cache\ff3fd1fb--multer-gridfs-storage-1-0-0-tgz.lock
93 verbose addRemoteTarball [ 'https://registry.npmjs.org/multer-gridfs-storage/-/multer-gridfs-storage-1.0.0.tgz',
93 verbose addRemoteTarball   'ec71b315b0fd8fbff6cf53adfe923c07bc07d09c' ]
94 info retry fetch attempt 1 at 13:26:40
95 verbose fetch to= C:\Users\u0023893\AppData\Local\Temp\npm-3372-fusXUCu5\registry.npmjs.org\multer-gridfs-storage\-\multer-gridfs-storage-1.0.0.tgz
96 http GET https://registry.npmjs.org/multer-gridfs-storage/-/multer-gridfs-storage-1.0.0.tgz
97 http 405 https://registry.npmjs.org/types/multer
98 silly registry.get cb [ 405,
98 silly registry.get   { date: 'Mon, 05 Nov 2018 18:20:03 GMT',
98 silly registry.get     'content-type': 'application/json',
98 silly registry.get     'content-length': '63',
98 silly registry.get     connection: 'keep-alive',
98 silly registry.get     'set-cookie': [ '__cfduid=d3df0918c7ec9dbb02c4864c056a75abf1541442003; expires=Tue, 05-Nov-19 18:20:03 GMT; path=/; domain=.registry.npmjs.org; HttpOnly' ],
98 silly registry.get     allow: 'PUT',
98 silly registry.get     'cf-ray': '4751550a4ec891b8-EWR',
98 silly registry.get     'expect-ct': 'max-age=604800, report-uri="https://report-uri.cloudflare.com/cdn-cgi/beacon/expect-ct"',
98 silly registry.get     vary: 'Accept-Encoding',
98 silly registry.get     server: 'cloudflare' } ]
99 silly lockFile a6dc770d-types-multer-1-3-3 types/multer@^1.3.3
100 silly lockFile a6dc770d-types-multer-1-3-3 types/multer@^1.3.3
101 error Error: Method Not Allowed
101 error     at errorResponse (C:\Program Files\nodejs\node_modules\npm\lib\cache\add-named.js:260:10)
101 error     at C:\Program Files\nodejs\node_modules\npm\lib\cache\add-named.js:203:12
101 error     at saved (C:\Program Files\nodejs\node_modules\npm\node_modules\npm-registry-client\lib\get.js:167:7)
101 error     at Object.oncomplete (fs.js:107:15)
102 error If you need help, you may report this *entire* log,
102 error including the npm and node versions, at:
102 error     <http://github.com/npm/npm/issues>
103 error System Windows_NT 6.1.7601
104 error command "C:\\Program Files\\nodejs\\\\node.exe" "C:\\Program Files\\nodejs\\node_modules\\npm\\bin\\npm-cli.js" "install"
105 error cwd C:\Users\u0023893\careline-server
106 error node -v v0.10.31
107 error npm -v 1.4.23
108 error code E405
109 verbose exit [ 1, true ]
